Starting thread...
Thread started
Starting thread...
Thread started
Finalizing optimization...
Loaded items and warehouse config
Calculated fitness: 0.2006024858866314
Saved solution to DB
Finalizing optimization...
Loaded items and warehouse config
Calculated fitness: 0.1810936651009203
Saved solution to DB
Finalizing optimization...
Loaded items and warehouse config
Calculated fitness: 0.15227303077666765
Saved solution to DB
Finalizing optimization...
Loaded items and warehouse config
Calculated fitness: 0.18067094780358744
Saved solution to DB
Finalizing optimization...
Loaded items and warehouse config
Calculated fitness: 0.16912176128209028
Saved solution to DB
Starting thread...
Thread started
Finalizing optimization...
Loaded items and warehouse config
Calculated fitness: 0.24413643229114423
Saved solution to DB
Finalizing optimization...
Loaded items and warehouse config
Calculated fitness: 0.24287368156492728
Saved solution to DB
Finalizing optimization...
Loaded items and warehouse config
Calculated fitness: 0.2699269043341246
Saved solution to DB
Finalizing optimization...
Loaded items and warehouse config
Calculated fitness: 0.25882787983230215
Saved solution to DB
Finalizing optimization...
Loaded items and warehouse config
Calculated fitness: 0.21328816730970823
Saved solution to DB
Finalizing optimization...
Loaded items and warehouse config
Calculated fitness: 0.24518697283586854
Saved solution to DB
Starting thread...
Thread started
Starting thread...
Thread started
Finalizing optimization...
Loaded items and warehouse config
Calculated fitness: 0.14320984425371547
Saved solution to DB
Starting thread...
Thread started
Finalizing optimization...
Loaded items and warehouse config
Calculated fitness: 0.20733236656910814
Saved solution to DB
Finalizing optimization...
Loaded items and warehouse config
Calculated fitness: 0.1638941729771876
Saved solution to DB
Finalizing optimization...
Loaded items and warehouse config
Calculated fitness: 0.19245565271171977
Saved solution to DB
Starting thread...
Thread started
Finalizing optimization...
Loaded items and warehouse config
Calculated fitness: 0.18058903117976746
Saved solution to DB
Starting thread...
Thread started
Finalizing optimization...
Loaded items and warehouse config
Calculated fitness: 0.2047396900091905
Saved solution to DB
Finalizing optimization...
Loaded items and warehouse config
Calculated fitness: 0.21610037901351542
Saved solution to DB
Starting thread...
Thread started
Finalizing optimization...
Loaded items and warehouse config
Calculated fitness: 0.24785659951391703
Saved solution to DB
Starting thread...
Thread started
Finalizing optimization...
Loaded items and warehouse config
Calculated fitness: 0.20752188926237902
Saved solution to DB
Starting thread...
Thread started
Finalizing optimization...
Loaded items and warehouse config
Calculated fitness: 0.1334221888644234
Saved solution to DB
Finalizing optimization...
Loaded items and warehouse config
Calculated fitness: 0.1366903190413561
Saved solution to DB
Finalizing optimization...
Loaded items and warehouse config
Calculated fitness: 0.1439519211432732
Saved solution to DB
Finalizing optimization...
Loaded items and warehouse config
Calculated fitness: 0.1280143500795146
Saved solution to DB
Finalizing optimization...
Loaded items and warehouse config
Calculated fitness: 0.1279760229186806
Saved solution to DB
Finalizing optimization...
Loaded items and warehouse config
Calculated fitness: 0.13365887914909422
Saved solution to DB
Starting thread...
Thread started
Starting thread...
Thread started
Starting thread...
Thread started
Starting thread...
Thread started
Finalizing optimization...
Loaded items and warehouse config
Calculated fitness: 0.045638658806852736
Saved solution to DB
